<?xml version="1.0" encoding="UTF-8"?>
<!-- Generated by org.testng.reporters.JUnitXMLReporter -->
<testsuite hostname="Hasneet3674" ignored="0" name="Default test" tests="3" failures="0" timestamp="2019-12-08T10:48:58 IST" time="0.122" errors="0">
  <testcase name="firstTest" time="0.035" classname="com.practiseGit.TestGit.gitchecking"/>
  <testcase name="secondTest" time="0.002" classname="com.practiseGit.TestGit.gitchecking"/>
  <testcase name="thirdTest" time="0.002" classname="com.practiseGit.TestGit.gitchecking"/>
</testsuite> <!-- Default test -->
