<?xml version="1.0" encoding="UTF-8"?>
<!-- Generated by org.testng.reporters.JUnitXMLReporter -->
<testsuite hostname="Hasneet3674" ignored="0" name="Sanity" tests="3" failures="0" timestamp="2019-12-08T10:59:34 IST" time="0.061" errors="0">
  <testcase name="firstTest" time="0.006" classname="testCases.gitchecking"/>
  <testcase name="secondTest" time="0.0" classname="testCases.gitchecking"/>
  <testcase name="thirdTest" time="0.0" classname="testCases.gitchecking"/>
</testsuite> <!-- Sanity -->
