<?xml version="1.0" encoding="UTF-8"?>
<testng-results skipped="0" failed="0" ignored="0" total="3" passed="3">
  <reporter-output>
  </reporter-output>
  <suite name="Default suite" duration-ms="122" started-at="2019-12-08T10:48:58 IST" finished-at="2019-12-08T10:48:58 IST">
    <groups>
    </groups>
    <test name="Default test" duration-ms="122" started-at="2019-12-08T10:48:58 IST" finished-at="2019-12-08T10:48:58 IST">
      <class name="com.practiseGit.TestGit.gitchecking">
        <test-method status="PASS" signature="firstTest()[pri:0, instance:com.practiseGit.TestGit.gitchecking@66480dd7]" name="firstTest" duration-ms="35" started-at="2019-12-08T10:48:58 IST" finished-at="2019-12-08T10:48:58 IST">
          <reporter-output>
          </reporter-output>
        </test-method> <!-- firstTest -->
        <test-method status="PASS" signature="secondTest()[pri:0, instance:com.practiseGit.TestGit.gitchecking@66480dd7]" name="secondTest" duration-ms="2" started-at="2019-12-08T10:48:58 IST" finished-at="2019-12-08T10:48:58 IST">
          <reporter-output>
          </reporter-output>
        </test-method> <!-- secondTest -->
        <test-method status="PASS" signature="thirdTest()[pri:0, instance:com.practiseGit.TestGit.gitchecking@66480dd7]" name="thirdTest" duration-ms="2" started-at="2019-12-08T10:48:58 IST" finished-at="2019-12-08T10:48:58 IST">
          <reporter-output>
          </reporter-output>
        </test-method> <!-- thirdTest -->
      </class> <!-- com.practiseGit.TestGit.gitchecking -->
    </test> <!-- Default test -->
  </suite> <!-- Default suite -->
</testng-results>
